<?xml version="1.0" encoding="UTF-8"?>
<testng-results skipped="0" failed="0" ignored="0" total="2" passed="2">
  <reporter-output>
  </reporter-output>
  <suite name="FREE CRM Application Test Automation Test Suite" duration-ms="2196" started-at="2018-05-21T07:02:21Z" finished-at="2018-05-21T07:02:23Z">
    <groups>
    </groups>
    <test name="Make my Trip Test Cases" duration-ms="2196" started-at="2018-05-21T07:02:21Z" finished-at="2018-05-21T07:02:23Z">
      <class name="com.qa.test.LoginPageTest">
        <test-method status="PASS" signature="test1()[pri:0, instance:com.qa.test.LoginPageTest@71bbf57e]" name="test1" is-config="true" duration-ms="16233" started-at="2018-05-21T07:02:05Z" finished-at="2018-05-21T07:02:21Z">
          <reporter-output>
          </reporter-output>
        </test-method> <!-- test1 -->
        <test-method status="PASS" signature="test2()[pri:0, instance:com.qa.test.LoginPageTest@71bbf57e]" name="test2" duration-ms="16" started-at="2018-05-21T07:02:21Z" finished-at="2018-05-21T07:02:21Z">
          <reporter-output>
          </reporter-output>
        </test-method> <!-- test2 -->
        <test-method status="PASS" signature="test3()[pri:0, instance:com.qa.test.LoginPageTest@71bbf57e]" name="test3" duration-ms="2164" started-at="2018-05-21T07:02:21Z" finished-at="2018-05-21T07:02:23Z">
          <reporter-output>
          </reporter-output>
        </test-method> <!-- test3 -->
        <test-method status="PASS" signature="tearDown()[pri:0, instance:com.qa.test.LoginPageTest@71bbf57e]" name="tearDown" is-config="true" duration-ms="1206" started-at="2018-05-21T07:02:23Z" finished-at="2018-05-21T07:02:25Z">
          <reporter-output>
          </reporter-output>
        </test-method> <!-- tearDown -->
      </class> <!-- com.qa.test.LoginPageTest -->
    </test> <!-- Make my Trip Test Cases -->
  </suite> <!-- FREE CRM Application Test Automation Test Suite -->
</testng-results>
